Compiling the C compiler identification source file "CMakeCCompilerId.c" failed.
Compiler: cl 
Build flags: 
Id flags:  

The output was:
The system cannot find the file specified


Compiling the C compiler identification source file "CMakeCCompilerId.c" failed.
Compiler: cl 
Build flags: 
Id flags: -c 

The output was:
The system cannot find the file specified


Compiling the C compiler identification source file "CMakeCCompilerId.c" failed.
Compiler: cl 
Build flags: 
Id flags: -Aa 

The output was:
The system cannot find the file specified


Compiling the C compiler identification source file "CMakeCCompilerId.c" failed.
Compiler: cl 
Build flags: 
Id flags: -D__CLASSIC_C__ 

The output was:
The system cannot find the file specified


Compiling the C compiler identification source file "CMakeCCompilerId.c" failed.
Compiler: cl 
Build flags: 
Id flags:  

The output was:
The system cannot find the file specified


Compiling the C compiler identification source file "CMakeCCompilerId.c" failed.
Compiler: cl 
Build flags: 
Id flags: -c 

The output was:
The system cannot find the file specified


Compiling the C compiler identification source file "CMakeCCompilerId.c" failed.
Compiler: cl 
Build flags: 
Id flags: -Aa 

The output was:
The system cannot find the file specified


Compiling the C compiler identification source file "CMakeCCompilerId.c" failed.
Compiler: cl 
Build flags: 
Id flags: -D__CLASSIC_C__ 

The output was:
The system cannot find the file specified


Checking whether the C compiler is IAR using "" did not match "IAR .+ Compiler":
Checking whether the C compiler is IAR using "" did not match "IAR .+ Compiler":
Compiling the CXX compiler identification source file "CMakeCXXCompilerId.cpp" failed.
Compiler: cl 
Build flags: 
Id flags:  

The output was:
The system cannot find the file specified


Compiling the CXX compiler identification source file "CMakeCXXCompilerId.cpp" failed.
Compiler: cl 
Build flags: 
Id flags: -c 

The output was:
The system cannot find the file specified


Compiling the CXX compiler identification source file "CMakeCXXCompilerId.cpp" failed.
Compiler: cl 
Build flags: 
Id flags: --c++ 

The output was:
The system cannot find the file specified


Compiling the CXX compiler identification source file "CMakeCXXCompilerId.cpp" failed.
Compiler: cl 
Build flags: 
Id flags: --ec++ 

The output was:
The system cannot find the file specified


Compiling the CXX compiler identification source file "CMakeCXXCompilerId.cpp" failed.
Compiler: cl 
Build flags: 
Id flags:  

The output was:
The system cannot find the file specified


Compiling the CXX compiler identification source file "CMakeCXXCompilerId.cpp" failed.
Compiler: cl 
Build flags: 
Id flags: -c 

The output was:
The system cannot find the file specified


Compiling the CXX compiler identification source file "CMakeCXXCompilerId.cpp" failed.
Compiler: cl 
Build flags: 
Id flags: --c++ 

The output was:
The system cannot find the file specified


Compiling the CXX compiler identification source file "CMakeCXXCompilerId.cpp" failed.
Compiler: cl 
Build flags: 
Id flags: --ec++ 

The output was:
The system cannot find the file specified


Checking whether the CXX compiler is IAR using "" did not match "IAR .+ Compiler":
Checking whether the CXX compiler is IAR using "" did not match "IAR .+ Compiler":
Performing C++ SOURCE FILE Test COMPILER_HAS_DEPRECATED_ATTR failed with the following output:
Change Dir: C:/PROJECTCODE/Stormwater-Management-Model/CMakeFiles/CMakeTmp

Run Build Command(s):nmake /nologo cmTC_bf2ac\fast 
	"C:\Program Files (x86)\Microsoft Visual Studio\2019\BuildTools\VC\Tools\MSVC\14.20.27508\bin\HostX64\x64\nmake.exe" -f CMakeFiles\cmTC_bf2ac.dir\build.make /nologo -L                  CMakeFiles\cmTC_bf2ac.dir\build
Building CXX object CMakeFiles/cmTC_bf2ac.dir/src.cxx.obj
	"C:\PROGRA~2\Microsoft Visual Studio\2019\BuildTools\VC\Tools\MSVC\14.20.27508\bin\Hostx64\x64\cl.exe" @C:\Users\cbuahin\AppData\Local\Temp\nmBE17.tmp
src.cxx
C:\PROJECTCODE\Stormwater-Management-Model\CMakeFiles\CMakeTmp\src.cxx(1): error C2065: '__deprecated__': undeclared identifier
C:\PROJECTCODE\Stormwater-Management-Model\CMakeFiles\CMakeTmp\src.cxx(1): error C4430: missing type specifier - int assumed. Note: C++ does not support default-int
C:\PROJECTCODE\Stormwater-Management-Model\CMakeFiles\CMakeTmp\src.cxx(1): error C2448: '__attribute__': function-style initializer appears to be a function definition
NMAKE : fatal error U1077: '"C:\PROGRA~2\Microsoft Visual Studio\2019\BuildTools\VC\Tools\MSVC\14.20.27508\bin\Hostx64\x64\cl.exe"' : return code '0x2'
Stop.
NMAKE : fatal error U1077: '"C:\Program Files (x86)\Microsoft Visual Studio\2019\BuildTools\VC\Tools\MSVC\14.20.27508\bin\HostX64\x64\nmake.exe"' : return code '0x2'
Stop.

Source file was:
__attribute__((__deprecated__)) int somefunc() { return 0; }
    int main() { return somefunc();}
